[debug] [2021-04-20T07:28:04.139Z] ----------------------------------------------------------------------
[debug] [2021-04-20T07:28:04.142Z] Command:       C:\Program Files\nodejs\node.exe C:\Users\user\AppData\Roaming\npm\node_modules\firebase-tools\lib\bin\firebase.js init
[debug] [2021-04-20T07:28:04.143Z] CLI Version:   9.10.0
[debug] [2021-04-20T07:28:04.143Z] Platform:      win32
[debug] [2021-04-20T07:28:04.143Z] Node Version:  v14.15.3
[debug] [2021-04-20T07:28:04.145Z] Time:          Tue Apr 20 2021 13:28:04 GMT+0600 (Bangladesh Standard Time)
[debug] [2021-04-20T07:28:04.145Z] ----------------------------------------------------------------------
[debug] 
[debug] [2021-04-20T07:28:04.156Z] > command requires scopes: ["email","openid","https://www.googleapis.com/auth/cloudplatformprojects.readonly","https://www.googleapis.com/auth/firebase","https://www.googleapis.com/auth/cloud-platform"]
[debug] [2021-04-20T07:28:04.156Z] > authorizing via signed-in user (ahmed.islam67@gmail.com)
[info] 
     ######## #### ########  ######## ########     ###     ######  ########
     ##        ##  ##     ## ##       ##     ##  ##   ##  ##       ##
     ######    ##  ########  ######   ########  #########  ######  ######
     ##        ##  ##    ##  ##       ##     ## ##     ##       ## ##
     ##       #### ##     ## ######## ########  ##     ##  ######  ########

You're about to initialize a Firebase project in this directory:

  C:\WebDevelopment\projects\assignment\Sami Shop\client

Before we get started, keep in mind:

  * You are currently outside your home directory
  * You are initializing in an existing Firebase project directory

